This file contains any messages produced by compilers while
running configure, to aid debugging if configure makes a mistake.

It was created by TimblServer configure 1.0.1, which was
generated by GNU Autoconf 2.65.  Invocation command line was

  $ ./configure --prefix=/home/sloot/usr/local/ --no-create --no-recursion

## --------- ##
## Platform. ##
## --------- ##

hostname = atalanta
uname -m = x86_64
uname -r = 2.6.32-25-generic
uname -s = Linux
uname -v = #44-Ubuntu SMP Fri Sep 17 20:05:27 UTC 2010

/usr/bin/uname -p = unknown
/bin/uname -X     = unknown

/bin/arch              = unknown
/usr/bin/arch -k       = unknown
/usr/convex/getsysinfo = unknown
/usr/bin/hostinfo      = unknown
/bin/machine           = unknown
/usr/bin/oslevel       = unknown
/bin/universe          = unknown

PATH: /home/sloot/bin
PATH: /usr/local/sbin
PATH: /usr/local/bin
PATH: /usr/sbin
PATH: /usr/bin
PATH: /sbin
PATH: /bin
PATH: /usr/games


## ----------- ##
## Core tests. ##
## ----------- ##

configure:2663: checking for a BSD-compatible install
configure:2731: result: /usr/bin/install -c
configure:2742: checking whether build environment is sane
configure:2792: result: yes
configure:2933: checking for a thread-safe mkdir -p
configure:2972: result: /bin/mkdir -p
configure:2985: checking for gawk
configure:3001: found /usr/bin/gawk
configure:3012: result: gawk
configure:3023: checking whether make sets $(MAKE)
configure:3045: result: yes
configure:3252: checking for g++
configure:3268: found /usr/bin/g++
configure:3279: result: g++
configure:3306: checking for C++ compiler version
configure:3315: g++ --version >&5
g++ (Ubuntu 4.4.3-4ubuntu5) 4.4.3
Copyright (C) 2009 Free Software Foundation, Inc.
This is free software; see the source for copying conditions.  There is NO
warranty; not even for MERCHANTABILITY or FITNESS FOR A PARTICULAR PURPOSE.

configure:3326: $? = 0
configure:3315: g++ -v >&5
Using built-in specs.
Target: x86_64-linux-gnu
Configured with: ../src/configure -v --with-pkgversion='Ubuntu 4.4.3-4ubuntu5' --with-bugurl=file:///usr/share/doc/gcc-4.4/README.Bugs --enable-languages=c,c++,fortran,objc,obj-c++ --prefix=/usr --enable-shared --enable-multiarch --enable-linker-build-id --with-system-zlib --libexecdir=/usr/lib --without-included-gettext --enable-threads=posix --with-gxx-include-dir=/usr/include/c++/4.4 --program-suffix=-4.4 --enable-nls --enable-clocale=gnu --enable-libstdcxx-debug --enable-plugin --enable-objc-gc --disable-werror --with-arch-32=i486 --with-tune=generic --enable-checking=release --build=x86_64-linux-gnu --host=x86_64-linux-gnu --target=x86_64-linux-gnu
Thread model: posix
gcc version 4.4.3 (Ubuntu 4.4.3-4ubuntu5) 
configure:3326: $? = 0
configure:3315: g++ -V >&5
g++: '-V' option must have argument
configure:3326: $? = 1
configure:3315: g++ -qversion >&5
g++: unrecognized option '-qversion'
g++: no input files
configure:3326: $? = 1
configure:3346: checking whether the C++ compiler works
configure:3368: g++    conftest.cpp  >&5
configure:3372: $? = 0
configure:3421: result: yes
configure:3424: checking for C++ compiler default output file name
configure:3426: result: a.out
configure:3432: checking for suffix of executables
configure:3439: g++ -o conftest    conftest.cpp  >&5
configure:3443: $? = 0
configure:3465: result: 
configure:3487: checking whether we are cross compiling
configure:3495: g++ -o conftest    conftest.cpp  >&5
configure:3499: $? = 0
configure:3506: ./conftest
configure:3510: $? = 0
configure:3525: result: no
configure:3530: checking for suffix of object files
configure:3552: g++ -c   conftest.cpp >&5
configure:3556: $? = 0
configure:3577: result: o
configure:3581: checking whether we are using the GNU C++ compiler
configure:3600: g++ -c   conftest.cpp >&5
configure:3600: $? = 0
configure:3609: result: yes
configure:3618: checking whether g++ accepts -g
configure:3638: g++ -c -g  conftest.cpp >&5
configure:3638: $? = 0
configure:3679: result: yes
configure:3713: checking for style of include used by make
configure:3741: result: GNU
configure:3766: checking dependency style of g++
configure:3876: result: gcc3
configure:3934: checking for ranlib
configure:3950: found /usr/bin/ranlib
configure:3961: result: ranlib
configure:4018: checking build system type
configure:4032: result: x86_64-unknown-linux-gnu
configure:4052: checking host system type
configure:4065: result: x86_64-unknown-linux-gnu
configure:4133: checking for gcc
configure:4149: found /usr/bin/gcc
configure:4160: result: gcc
configure:4389: checking for C compiler version
configure:4398: gcc --version >&5
gcc (Ubuntu 4.4.3-4ubuntu5) 4.4.3
Copyright (C) 2009 Free Software Foundation, Inc.
This is free software; see the source for copying conditions.  There is NO
warranty; not even for MERCHANTABILITY or FITNESS FOR A PARTICULAR PURPOSE.

configure:4409: $? = 0
configure:4398: gcc -v >&5
Using built-in specs.
Target: x86_64-linux-gnu
Configured with: ../src/configure -v --with-pkgversion='Ubuntu 4.4.3-4ubuntu5' --with-bugurl=file:///usr/share/doc/gcc-4.4/README.Bugs --enable-languages=c,c++,fortran,objc,obj-c++ --prefix=/usr --enable-shared --enable-multiarch --enable-linker-build-id --with-system-zlib --libexecdir=/usr/lib --without-included-gettext --enable-threads=posix --with-gxx-include-dir=/usr/include/c++/4.4 --program-suffix=-4.4 --enable-nls --enable-clocale=gnu --enable-libstdcxx-debug --enable-plugin --enable-objc-gc --disable-werror --with-arch-32=i486 --with-tune=generic --enable-checking=release --build=x86_64-linux-gnu --host=x86_64-linux-gnu --target=x86_64-linux-gnu
Thread model: posix
gcc version 4.4.3 (Ubuntu 4.4.3-4ubuntu5) 
configure:4409: $? = 0
configure:4398: gcc -V >&5
gcc: '-V' option must have argument
configure:4409: $? = 1
configure:4398: gcc -qversion >&5
gcc: unrecognized option '-qversion'
gcc: no input files
configure:4409: $? = 1
configure:4413: checking whether we are using the GNU C compiler
configure:4432: gcc -c   conftest.c >&5
configure:4432: $? = 0
configure:4441: result: yes
configure:4450: checking whether gcc accepts -g
configure:4470: gcc -c -g  conftest.c >&5
configure:4470: $? = 0
configure:4511: result: yes
configure:4528: checking for gcc option to accept ISO C89
configure:4592: gcc  -c -g -O2  conftest.c >&5
configure:4592: $? = 0
configure:4605: result: none needed
configure:4627: checking dependency style of gcc
configure:4737: result: gcc3
configure:4752: checking for a sed that does not truncate output
configure:4816: result: /bin/sed
configure:4834: checking for grep that handles long lines and -e
configure:4892: result: /bin/grep
configure:4897: checking for egrep
configure:4959: result: /bin/grep -E
configure:4964: checking for fgrep
configure:5026: result: /bin/grep -F
configure:5061: checking for ld used by gcc
configure:5128: result: /usr/bin/ld
configure:5135: checking if the linker (/usr/bin/ld) is GNU ld
configure:5150: result: yes
configure:5162: checking for BSD- or MS-compatible name lister (nm)
configure:5211: result: /usr/bin/nm -B
configure:5329: checking the name lister (/usr/bin/nm -B) interface
configure:5336: gcc -c -g -O2  conftest.c >&5
configure:5339: /usr/bin/nm -B "conftest.o"
configure:5342: output
0000000000000000 B some_variable
configure:5349: result: BSD nm
configure:5352: checking whether ln -s works
configure:5356: result: yes
configure:5364: checking the maximum length of command line arguments
configure:5484: result: 3458764513820540925
configure:5501: checking whether the shell understands some XSI constructs
configure:5511: result: yes
configure:5515: checking whether the shell understands "+="
configure:5521: result: yes
configure:5556: checking for /usr/bin/ld option to reload object files
configure:5563: result: -r
configure:5632: checking for objdump
configure:5648: found /usr/bin/objdump
configure:5659: result: objdump
configure:5691: checking how to recognize dependent libraries
configure:5887: result: pass_all
configure:5947: checking for ar
configure:5963: found /usr/bin/ar
configure:5974: result: ar
configure:6052: checking for strip
configure:6068: found /usr/bin/strip
configure:6079: result: strip
configure:6151: checking for ranlib
configure:6178: result: ranlib
configure:6268: checking command to parse /usr/bin/nm -B output from gcc object
configure:6386: gcc -c -g -O2  conftest.c >&5
configure:6389: $? = 0
configure:6393: /usr/bin/nm -B conftest.o \| sed -n -e 's/^.*[	 ]\([ABCDGIRSTW][ABCDGIRSTW]*\)[	 ][	 ]*\([_A-Za-z][_A-Za-z0-9]*\)$/\1 \2 \2/p' \> conftest.nm
configure:6396: $? = 0
configure:6450: gcc -o conftest -g -O2   conftest.c conftstm.o >&5
configure:6453: $? = 0
configure:6491: result: ok
configure:6587: gcc -c -g -O2  conftest.c >&5
configure:6590: $? = 0
configure:7300: checking how to run the C preprocessor
configure:7331: gcc -E  conftest.c
configure:7331: $? = 0
configure:7345: gcc -E  conftest.c
conftest.c:14:28: error: ac_nonexistent.h: No such file or directory
configure:7345: $? = 1
configure: failed program was:
| /* confdefs.h */
| #define PACKAGE_NAME "TimblServer"
| #define PACKAGE_TARNAME "timblserver"
| #define PACKAGE_VERSION "1.0.1"
| #define PACKAGE_STRING "TimblServer 1.0.1"
| #define PACKAGE_BUGREPORT "timbl@uvt.nl"
| #define PACKAGE_URL ""
| #define PACKAGE "timblserver"
| #define VERSION "1.0.1"
| #define BIN_PATH "/home/sloot/usr/local/bin"
| #define SYSCONF_PATH "/home/sloot/usr/local/etc"
| #define LOCALSTATE_PATH "/home/sloot/usr/local/var"
| /* end confdefs.h.  */
| #include <ac_nonexistent.h>
configure:7370: result: gcc -E
configure:7390: gcc -E  conftest.c
configure:7390: $? = 0
configure:7404: gcc -E  conftest.c
conftest.c:14:28: error: ac_nonexistent.h: No such file or directory
configure:7404: $? = 1
configure: failed program was:
| /* confdefs.h */
| #define PACKAGE_NAME "TimblServer"
| #define PACKAGE_TARNAME "timblserver"
| #define PACKAGE_VERSION "1.0.1"
| #define PACKAGE_STRING "TimblServer 1.0.1"
| #define PACKAGE_BUGREPORT "timbl@uvt.nl"
| #define PACKAGE_URL ""
| #define PACKAGE "timblserver"
| #define VERSION "1.0.1"
| #define BIN_PATH "/home/sloot/usr/local/bin"
| #define SYSCONF_PATH "/home/sloot/usr/local/etc"
| #define LOCALSTATE_PATH "/home/sloot/usr/local/var"
| /* end confdefs.h.  */
| #include <ac_nonexistent.h>
configure:7433: checking for ANSI C header files
configure:7453: gcc -c -g -O2  conftest.c >&5
configure:7453: $? = 0
configure:7526: gcc -o conftest -g -O2   conftest.c  >&5
configure:7526: $? = 0
configure:7526: ./conftest
configure:7526: $? = 0
configure:7537: result: yes
configure:7550: checking for sys/types.h
configure:7550: gcc -c -g -O2  conftest.c >&5
configure:7550: $? = 0
configure:7550: result: yes
configure:7550: checking for sys/stat.h
configure:7550: gcc -c -g -O2  conftest.c >&5
configure:7550: $? = 0
configure:7550: result: yes
configure:7550: checking for stdlib.h
configure:7550: gcc -c -g -O2  conftest.c >&5
configure:7550: $? = 0
configure:7550: result: yes
configure:7550: checking for string.h
configure:7550: gcc -c -g -O2  conftest.c >&5
configure:7550: $? = 0
configure:7550: result: yes
configure:7550: checking for memory.h
configure:7550: gcc -c -g -O2  conftest.c >&5
configure:7550: $? = 0
configure:7550: result: yes
configure:7550: checking for strings.h
configure:7550: gcc -c -g -O2  conftest.c >&5
configure:7550: $? = 0
configure:7550: result: yes
configure:7550: checking for inttypes.h
configure:7550: gcc -c -g -O2  conftest.c >&5
configure:7550: $? = 0
configure:7550: result: yes
configure:7550: checking for stdint.h
configure:7550: gcc -c -g -O2  conftest.c >&5
configure:7550: $? = 0
configure:7550: result: yes
configure:7550: checking for unistd.h
configure:7550: gcc -c -g -O2  conftest.c >&5
configure:7550: $? = 0
configure:7550: result: yes
configure:7565: checking for dlfcn.h
configure:7565: gcc -c -g -O2  conftest.c >&5
configure:7565: $? = 0
configure:7565: result: yes
configure:7690: checking for C++ compiler version
configure:7699: g++ --version >&5
g++ (Ubuntu 4.4.3-4ubuntu5) 4.4.3
Copyright (C) 2009 Free Software Foundation, Inc.
This is free software; see the source for copying conditions.  There is NO
warranty; not even for MERCHANTABILITY or FITNESS FOR A PARTICULAR PURPOSE.

configure:7710: $? = 0
configure:7699: g++ -v >&5
Using built-in specs.
Target: x86_64-linux-gnu
Configured with: ../src/configure -v --with-pkgversion='Ubuntu 4.4.3-4ubuntu5' --with-bugurl=file:///usr/share/doc/gcc-4.4/README.Bugs --enable-languages=c,c++,fortran,objc,obj-c++ --prefix=/usr --enable-shared --enable-multiarch --enable-linker-build-id --with-system-zlib --libexecdir=/usr/lib --without-included-gettext --enable-threads=posix --with-gxx-include-dir=/usr/include/c++/4.4 --program-suffix=-4.4 --enable-nls --enable-clocale=gnu --enable-libstdcxx-debug --enable-plugin --enable-objc-gc --disable-werror --with-arch-32=i486 --with-tune=generic --enable-checking=release --build=x86_64-linux-gnu --host=x86_64-linux-gnu --target=x86_64-linux-gnu
Thread model: posix
gcc version 4.4.3 (Ubuntu 4.4.3-4ubuntu5) 
configure:7710: $? = 0
configure:7699: g++ -V >&5
g++: '-V' option must have argument
configure:7710: $? = 1
configure:7699: g++ -qversion >&5
g++: unrecognized option '-qversion'
g++: no input files
configure:7710: $? = 1
configure:7714: checking whether we are using the GNU C++ compiler
configure:7742: result: yes
configure:7751: checking whether g++ accepts -g
configure:7812: result: yes
configure:7837: checking dependency style of g++
configure:7947: result: gcc3
configure:7970: checking how to run the C++ preprocessor
configure:7997: g++ -E  conftest.cpp
configure:7997: $? = 0
configure:8011: g++ -E  conftest.cpp
conftest.cpp:25:28: error: ac_nonexistent.h: No such file or directory
configure:8011: $? = 1
configure: failed program was:
| /* confdefs.h */
| #define PACKAGE_NAME "TimblServer"
| #define PACKAGE_TARNAME "timblserver"
| #define PACKAGE_VERSION "1.0.1"
| #define PACKAGE_STRING "TimblServer 1.0.1"
| #define PACKAGE_BUGREPORT "timbl@uvt.nl"
| #define PACKAGE_URL ""
| #define PACKAGE "timblserver"
| #define VERSION "1.0.1"
| #define BIN_PATH "/home/sloot/usr/local/bin"
| #define SYSCONF_PATH "/home/sloot/usr/local/etc"
| #define LOCALSTATE_PATH "/home/sloot/usr/local/var"
| #define STDC_HEADERS 1
| #define HAVE_SYS_TYPES_H 1
| #define HAVE_SYS_STAT_H 1
| #define HAVE_STDLIB_H 1
| #define HAVE_STRING_H 1
| #define HAVE_MEMORY_H 1
| #define HAVE_STRINGS_H 1
| #define HAVE_INTTYPES_H 1
| #define HAVE_STDINT_H 1
| #define HAVE_UNISTD_H 1
| #define HAVE_DLFCN_H 1
| /* end confdefs.h.  */
| #include <ac_nonexistent.h>
configure:8036: result: g++ -E
configure:8056: g++ -E  conftest.cpp
configure:8056: $? = 0
configure:8070: g++ -E  conftest.cpp
conftest.cpp:25:28: error: ac_nonexistent.h: No such file or directory
configure:8070: $? = 1
configure: failed program was:
| /* confdefs.h */
| #define PACKAGE_NAME "TimblServer"
| #define PACKAGE_TARNAME "timblserver"
| #define PACKAGE_VERSION "1.0.1"
| #define PACKAGE_STRING "TimblServer 1.0.1"
| #define PACKAGE_BUGREPORT "timbl@uvt.nl"
| #define PACKAGE_URL ""
| #define PACKAGE "timblserver"
| #define VERSION "1.0.1"
| #define BIN_PATH "/home/sloot/usr/local/bin"
| #define SYSCONF_PATH "/home/sloot/usr/local/etc"
| #define LOCALSTATE_PATH "/home/sloot/usr/local/var"
| #define STDC_HEADERS 1
| #define HAVE_SYS_TYPES_H 1
| #define HAVE_SYS_STAT_H 1
| #define HAVE_STDLIB_H 1
| #define HAVE_STRING_H 1
| #define HAVE_MEMORY_H 1
| #define HAVE_STRINGS_H 1
| #define HAVE_INTTYPES_H 1
| #define HAVE_STDINT_H 1
| #define HAVE_UNISTD_H 1
| #define HAVE_DLFCN_H 1
| /* end confdefs.h.  */
| #include <ac_nonexistent.h>
configure:8276: checking for objdir
configure:8291: result: .libs
configure:8587: checking if gcc supports -fno-rtti -fno-exceptions
configure:8605: gcc -c -g -O2  -fno-rtti -fno-exceptions conftest.c >&5
cc1: warning: command line option "-fno-rtti" is valid for C++/ObjC++ but not for C
configure:8609: $? = 0
configure:8622: result: no
configure:8642: checking for gcc option to produce PIC
configure:8914: result: -fPIC -DPIC
configure:8926: checking if gcc PIC flag -fPIC -DPIC works
configure:8944: gcc -c -g -O2  -fPIC -DPIC -DPIC conftest.c >&5
configure:8948: $? = 0
configure:8961: result: yes
configure:8985: checking if gcc static flag -static works
configure:9013: result: yes
configure:9028: checking if gcc supports -c -o file.o
configure:9049: gcc -c -g -O2  -o out/conftest2.o conftest.c >&5
configure:9053: $? = 0
configure:9075: result: yes
configure:9083: checking if gcc supports -c -o file.o
configure:9130: result: yes
configure:9163: checking whether the gcc linker (/usr/bin/ld -m elf_x86_64) supports shared libraries
configure:10153: result: yes
configure:10190: checking whether -lc should be explicitly linked in
configure:10195: gcc -c -g -O2  conftest.c >&5
configure:10198: $? = 0
configure:10213: gcc -shared conftest.o  -v -Wl,-soname -Wl,conftest -o conftest 2\>\&1 \| /bin/grep  -lc  \>/dev/null 2\>\&1
configure:10216: $? = 0
configure:10228: result: no
configure:10392: checking dynamic linker characteristics
configure:10825: gcc -o conftest -g -O2   -Wl,-rpath -Wl,/foo conftest.c  >&5
configure:10825: $? = 0
configure:11055: result: GNU/Linux ld.so
configure:11157: checking how to hardcode library paths into programs
configure:11182: result: immediate
configure:11702: checking whether stripping libraries is possible
configure:11707: result: yes
configure:11742: checking if libtool supports shared libraries
configure:11744: result: yes
configure:11747: checking whether to build shared libraries
configure:11768: result: yes
configure:11771: checking whether to build static libraries
configure:11775: result: yes
configure:11925: checking for ld used by g++
configure:11992: result: /usr/bin/ld -m elf_x86_64
configure:11999: checking if the linker (/usr/bin/ld -m elf_x86_64) is GNU ld
configure:12014: result: yes
configure:12069: checking whether the g++ linker (/usr/bin/ld -m elf_x86_64) supports shared libraries
configure:12982: result: yes
configure:13010: g++ -c -g -O2  conftest.cpp >&5
configure:13013: $? = 0
configure:13195: checking for g++ option to produce PIC
configure:13512: result: -fPIC -DPIC
configure:13521: checking if g++ PIC flag -fPIC -DPIC works
configure:13539: g++ -c -g -O2  -fPIC -DPIC -DPIC conftest.cpp >&5
configure:13543: $? = 0
configure:13556: result: yes
configure:13577: checking if g++ static flag -static works
configure:13605: result: yes
configure:13617: checking if g++ supports -c -o file.o
configure:13638: g++ -c -g -O2  -o out/conftest2.o conftest.cpp >&5
configure:13642: $? = 0
configure:13664: result: yes
configure:13669: checking if g++ supports -c -o file.o
configure:13716: result: yes
configure:13746: checking whether the g++ linker (/usr/bin/ld -m elf_x86_64) supports shared libraries
configure:13775: result: yes
configure:13912: checking dynamic linker characteristics
configure:14293: g++ -o conftest -g -O2   -Wl,-rpath -Wl,/foo conftest.cpp  >&5
configure:14293: $? = 0
configure:14523: result: GNU/Linux ld.so
configure:14574: checking how to hardcode library paths into programs
configure:14599: result: immediate
configure:14832: checking for the pthreads library -lpthreads
configure:14865: gcc -o conftest -g -O2    conftest.c -lpthreads  >&5
/usr/bin/ld: cannot find -lpthreads
collect2: ld returned 1 exit status
configure:14865: $? = 1
configure: failed program was:
| /* confdefs.h */
| #define PACKAGE_NAME "TimblServer"
| #define PACKAGE_TARNAME "timblserver"
| #define PACKAGE_VERSION "1.0.1"
| #define PACKAGE_STRING "TimblServer 1.0.1"
| #define PACKAGE_BUGREPORT "timbl@uvt.nl"
| #define PACKAGE_URL ""
| #define PACKAGE "timblserver"
| #define VERSION "1.0.1"
| #define BIN_PATH "/home/sloot/usr/local/bin"
| #define SYSCONF_PATH "/home/sloot/usr/local/etc"
| #define LOCALSTATE_PATH "/home/sloot/usr/local/var"
| #define STDC_HEADERS 1
| #define HAVE_SYS_TYPES_H 1
| #define HAVE_SYS_STAT_H 1
| #define HAVE_STDLIB_H 1
| #define HAVE_STRING_H 1
| #define HAVE_MEMORY_H 1
| #define HAVE_STRINGS_H 1
| #define HAVE_INTTYPES_H 1
| #define HAVE_STDINT_H 1
| #define HAVE_UNISTD_H 1
| #define HAVE_DLFCN_H 1
| #define LT_OBJDIR ".libs/"
| /* end confdefs.h.  */
| #include <pthread.h>
| int
| main ()
| {
| pthread_t th; pthread_join(th, 0);
|                      pthread_attr_init(0); pthread_cleanup_push(0, 0);
|                      pthread_create(0,0,0,0); pthread_cleanup_pop(0);
|   ;
|   return 0;
| }
configure:14874: result: no
configure:14777: checking whether pthreads work without any flags
configure:14865: gcc -o conftest -g -O2    conftest.c   >&5
/tmp/ccG8J3qa.o: In function `main':
/home/sloot/svn/src/TimblServer/conftest.c:30: undefined reference to `pthread_join'
/home/sloot/svn/src/TimblServer/conftest.c:31: undefined reference to `__pthread_register_cancel'
/home/sloot/svn/src/TimblServer/conftest.c:32: undefined reference to `pthread_create'
/home/sloot/svn/src/TimblServer/conftest.c:32: undefined reference to `__pthread_unregister_cancel'
collect2: ld returned 1 exit status
configure:14865: $? = 1
configure: failed program was:
| /* confdefs.h */
| #define PACKAGE_NAME "TimblServer"
| #define PACKAGE_TARNAME "timblserver"
| #define PACKAGE_VERSION "1.0.1"
| #define PACKAGE_STRING "TimblServer 1.0.1"
| #define PACKAGE_BUGREPORT "timbl@uvt.nl"
| #define PACKAGE_URL ""
| #define PACKAGE "timblserver"
| #define VERSION "1.0.1"
| #define BIN_PATH "/home/sloot/usr/local/bin"
| #define SYSCONF_PATH "/home/sloot/usr/local/etc"
| #define LOCALSTATE_PATH "/home/sloot/usr/local/var"
| #define STDC_HEADERS 1
| #define HAVE_SYS_TYPES_H 1
| #define HAVE_SYS_STAT_H 1
| #define HAVE_STDLIB_H 1
| #define HAVE_STRING_H 1
| #define HAVE_MEMORY_H 1
| #define HAVE_STRINGS_H 1
| #define HAVE_INTTYPES_H 1
| #define HAVE_STDINT_H 1
| #define HAVE_UNISTD_H 1
| #define HAVE_DLFCN_H 1
| #define LT_OBJDIR ".libs/"
| /* end confdefs.h.  */
| #include <pthread.h>
| int
| main ()
| {
| pthread_t th; pthread_join(th, 0);
|                      pthread_attr_init(0); pthread_cleanup_push(0, 0);
|                      pthread_create(0,0,0,0); pthread_cleanup_pop(0);
|   ;
|   return 0;
| }
configure:14874: result: no
configure:14782: checking whether pthreads work with -Kthread
configure:14865: gcc -o conftest -g -O2 -Kthread   conftest.c   >&5
gcc: unrecognized option '-Kthread'
/tmp/ccCagL2f.o: In function `main':
/home/sloot/svn/src/TimblServer/conftest.c:30: undefined reference to `pthread_join'
/home/sloot/svn/src/TimblServer/conftest.c:31: undefined reference to `__pthread_register_cancel'
/home/sloot/svn/src/TimblServer/conftest.c:32: undefined reference to `pthread_create'
/home/sloot/svn/src/TimblServer/conftest.c:32: undefined reference to `__pthread_unregister_cancel'
collect2: ld returned 1 exit status
configure:14865: $? = 1
configure: failed program was:
| /* confdefs.h */
| #define PACKAGE_NAME "TimblServer"
| #define PACKAGE_TARNAME "timblserver"
| #define PACKAGE_VERSION "1.0.1"
| #define PACKAGE_STRING "TimblServer 1.0.1"
| #define PACKAGE_BUGREPORT "timbl@uvt.nl"
| #define PACKAGE_URL ""
| #define PACKAGE "timblserver"
| #define VERSION "1.0.1"
| #define BIN_PATH "/home/sloot/usr/local/bin"
| #define SYSCONF_PATH "/home/sloot/usr/local/etc"
| #define LOCALSTATE_PATH "/home/sloot/usr/local/var"
| #define STDC_HEADERS 1
| #define HAVE_SYS_TYPES_H 1
| #define HAVE_SYS_STAT_H 1
| #define HAVE_STDLIB_H 1
| #define HAVE_STRING_H 1
| #define HAVE_MEMORY_H 1
| #define HAVE_STRINGS_H 1
| #define HAVE_INTTYPES_H 1
| #define HAVE_STDINT_H 1
| #define HAVE_UNISTD_H 1
| #define HAVE_DLFCN_H 1
| #define LT_OBJDIR ".libs/"
| /* end confdefs.h.  */
| #include <pthread.h>
| int
| main ()
| {
| pthread_t th; pthread_join(th, 0);
|                      pthread_attr_init(0); pthread_cleanup_push(0, 0);
|                      pthread_create(0,0,0,0); pthread_cleanup_pop(0);
|   ;
|   return 0;
| }
configure:14874: result: no
configure:14782: checking whether pthreads work with -kthread
configure:14865: gcc -o conftest -g -O2 -kthread   conftest.c   >&5
gcc: unrecognized option '-kthread'
/tmp/ccacRz0k.o: In function `main':
/home/sloot/svn/src/TimblServer/conftest.c:30: undefined reference to `pthread_join'
/home/sloot/svn/src/TimblServer/conftest.c:31: undefined reference to `__pthread_register_cancel'
/home/sloot/svn/src/TimblServer/conftest.c:32: undefined reference to `pthread_create'
/home/sloot/svn/src/TimblServer/conftest.c:32: undefined reference to `__pthread_unregister_cancel'
collect2: ld returned 1 exit status
configure:14865: $? = 1
configure: failed program was:
| /* confdefs.h */
| #define PACKAGE_NAME "TimblServer"
| #define PACKAGE_TARNAME "timblserver"
| #define PACKAGE_VERSION "1.0.1"
| #define PACKAGE_STRING "TimblServer 1.0.1"
| #define PACKAGE_BUGREPORT "timbl@uvt.nl"
| #define PACKAGE_URL ""
| #define PACKAGE "timblserver"
| #define VERSION "1.0.1"
| #define BIN_PATH "/home/sloot/usr/local/bin"
| #define SYSCONF_PATH "/home/sloot/usr/local/etc"
| #define LOCALSTATE_PATH "/home/sloot/usr/local/var"
| #define STDC_HEADERS 1
| #define HAVE_SYS_TYPES_H 1
| #define HAVE_SYS_STAT_H 1
| #define HAVE_STDLIB_H 1
| #define HAVE_STRING_H 1
| #define HAVE_MEMORY_H 1
| #define HAVE_STRINGS_H 1
| #define HAVE_INTTYPES_H 1
| #define HAVE_STDINT_H 1
| #define HAVE_UNISTD_H 1
| #define HAVE_DLFCN_H 1
| #define LT_OBJDIR ".libs/"
| /* end confdefs.h.  */
| #include <pthread.h>
| int
| main ()
| {
| pthread_t th; pthread_join(th, 0);
|                      pthread_attr_init(0); pthread_cleanup_push(0, 0);
|                      pthread_create(0,0,0,0); pthread_cleanup_pop(0);
|   ;
|   return 0;
| }
configure:14874: result: no
configure:14832: checking for the pthreads library -llthread
configure:14865: gcc -o conftest -g -O2    conftest.c -llthread  >&5
/usr/bin/ld: cannot find -llthread
collect2: ld returned 1 exit status
configure:14865: $? = 1
configure: failed program was:
| /* confdefs.h */
| #define PACKAGE_NAME "TimblServer"
| #define PACKAGE_TARNAME "timblserver"
| #define PACKAGE_VERSION "1.0.1"
| #define PACKAGE_STRING "TimblServer 1.0.1"
| #define PACKAGE_BUGREPORT "timbl@uvt.nl"
| #define PACKAGE_URL ""
| #define PACKAGE "timblserver"
| #define VERSION "1.0.1"
| #define BIN_PATH "/home/sloot/usr/local/bin"
| #define SYSCONF_PATH "/home/sloot/usr/local/etc"
| #define LOCALSTATE_PATH "/home/sloot/usr/local/var"
| #define STDC_HEADERS 1
| #define HAVE_SYS_TYPES_H 1
| #define HAVE_SYS_STAT_H 1
| #define HAVE_STDLIB_H 1
| #define HAVE_STRING_H 1
| #define HAVE_MEMORY_H 1
| #define HAVE_STRINGS_H 1
| #define HAVE_INTTYPES_H 1
| #define HAVE_STDINT_H 1
| #define HAVE_UNISTD_H 1
| #define HAVE_DLFCN_H 1
| #define LT_OBJDIR ".libs/"
| /* end confdefs.h.  */
| #include <pthread.h>
| int
| main ()
| {
| pthread_t th; pthread_join(th, 0);
|                      pthread_attr_init(0); pthread_cleanup_push(0, 0);
|                      pthread_create(0,0,0,0); pthread_cleanup_pop(0);
|   ;
|   return 0;
| }
configure:14874: result: no
configure:14782: checking whether pthreads work with -pthread
configure:14865: gcc -o conftest -g -O2 -pthread   conftest.c   >&5
configure:14865: $? = 0
configure:14874: result: yes
configure:14893: checking for joinable pthread attribute
configure:14908: gcc -o conftest -g -O2 -pthread   conftest.c   >&5
configure:14908: $? = 0
configure:14914: result: PTHREAD_CREATE_JOINABLE
configure:14924: checking if more special flags are required for pthreads
configure:14931: result: no
configure:15015: checking for OpenMP flag of C++ compiler
configure:15051: g++ -o conftest -g -O2 -pthread -fopenmp   conftest.cpp   >&5
configure:15051: $? = 0
configure:15060: result: -fopenmp
configure:15069: we have Open MP 
configure:15089: checking arpa/inet.h usability
configure:15089: g++ -c -g -O2 -pthread -fopenmp  conftest.cpp >&5
configure:15089: $? = 0
configure:15089: result: yes
configure:15089: checking arpa/inet.h presence
configure:15089: g++ -E  conftest.cpp
configure:15089: $? = 0
configure:15089: result: yes
configure:15089: checking for arpa/inet.h
configure:15089: result: yes
configure:15089: checking netdb.h usability
configure:15089: g++ -c -g -O2 -pthread -fopenmp  conftest.cpp >&5
configure:15089: $? = 0
configure:15089: result: yes
configure:15089: checking netdb.h presence
configure:15089: g++ -E  conftest.cpp
configure:15089: $? = 0
configure:15089: result: yes
configure:15089: checking for netdb.h
configure:15089: result: yes
configure:15089: checking netinet/in.h usability
configure:15089: g++ -c -g -O2 -pthread -fopenmp  conftest.cpp >&5
configure:15089: $? = 0
configure:15089: result: yes
configure:15089: checking netinet/in.h presence
configure:15089: g++ -E  conftest.cpp
configure:15089: $? = 0
configure:15089: result: yes
configure:15089: checking for netinet/in.h
configure:15089: result: yes
configure:15089: checking sys/socket.h usability
configure:15089: g++ -c -g -O2 -pthread -fopenmp  conftest.cpp >&5
configure:15089: $? = 0
configure:15089: result: yes
configure:15089: checking sys/socket.h presence
configure:15089: g++ -E  conftest.cpp
configure:15089: $? = 0
configure:15089: result: yes
configure:15089: checking for sys/socket.h
configure:15089: result: yes
configure:15089: checking sys/time.h usability
configure:15089: g++ -c -g -O2 -pthread -fopenmp  conftest.cpp >&5
configure:15089: $? = 0
configure:15089: result: yes
configure:15089: checking sys/time.h presence
configure:15089: g++ -E  conftest.cpp
configure:15089: $? = 0
configure:15089: result: yes
configure:15089: checking for sys/time.h
configure:15089: result: yes
configure:15089: checking sys/timeb.h usability
configure:15089: g++ -c -g -O2 -pthread -fopenmp  conftest.cpp >&5
configure:15089: $? = 0
configure:15089: result: yes
configure:15089: checking sys/timeb.h presence
configure:15089: g++ -E  conftest.cpp
configure:15089: $? = 0
configure:15089: result: yes
configure:15089: checking for sys/timeb.h
configure:15089: result: yes
configure:15089: checking unistd.h,fcntl.h usability
configure:15089: g++ -c -g -O2 -pthread -fopenmp  conftest.cpp >&5
conftest.cpp:65:28: error: unistd.h,fcntl.h: No such file or directory
configure:15089: $? = 1
configure: failed program was:
| /* confdefs.h */
| #define PACKAGE_NAME "TimblServer"
| #define PACKAGE_TARNAME "timblserver"
| #define PACKAGE_VERSION "1.0.1"
| #define PACKAGE_STRING "TimblServer 1.0.1"
| #define PACKAGE_BUGREPORT "timbl@uvt.nl"
| #define PACKAGE_URL ""
| #define PACKAGE "timblserver"
| #define VERSION "1.0.1"
| #define BIN_PATH "/home/sloot/usr/local/bin"
| #define SYSCONF_PATH "/home/sloot/usr/local/etc"
| #define LOCALSTATE_PATH "/home/sloot/usr/local/var"
| #define STDC_HEADERS 1
| #define HAVE_SYS_TYPES_H 1
| #define HAVE_SYS_STAT_H 1
| #define HAVE_STDLIB_H 1
| #define HAVE_STRING_H 1
| #define HAVE_MEMORY_H 1
| #define HAVE_STRINGS_H 1
| #define HAVE_INTTYPES_H 1
| #define HAVE_STDINT_H 1
| #define HAVE_UNISTD_H 1
| #define HAVE_DLFCN_H 1
| #define LT_OBJDIR ".libs/"
| #define HAVE_ARPA_INET_H 1
| #define HAVE_NETDB_H 1
| #define HAVE_NETINET_IN_H 1
| #define HAVE_SYS_SOCKET_H 1
| #define HAVE_SYS_TIME_H 1
| #define HAVE_SYS_TIMEB_H 1
| /* end confdefs.h.  */
| #include <stdio.h>
| #ifdef HAVE_SYS_TYPES_H
| # include <sys/types.h>
| #endif
| #ifdef HAVE_SYS_STAT_H
| # include <sys/stat.h>
| #endif
| #ifdef STDC_HEADERS
| # include <stdlib.h>
| # include <stddef.h>
| #else
| # ifdef HAVE_STDLIB_H
| #  include <stdlib.h>
| # endif
| #endif
| #ifdef HAVE_STRING_H
| # if !defined STDC_HEADERS && defined HAVE_MEMORY_H
| #  include <memory.h>
| # endif
| # include <string.h>
| #endif
| #ifdef HAVE_STRINGS_H
| # include <strings.h>
| #endif
| #ifdef HAVE_INTTYPES_H
| # include <inttypes.h>
| #endif
| #ifdef HAVE_STDINT_H
| # include <stdint.h>
| #endif
| #ifdef HAVE_UNISTD_H
| # include <unistd.h>
| #endif
| #include <unistd.h,fcntl.h>
configure:15089: result: no
configure:15089: checking unistd.h,fcntl.h presence
configure:15089: g++ -E  conftest.cpp
conftest.cpp:32:28: error: unistd.h,fcntl.h: No such file or directory
configure:15089: $? = 1
configure: failed program was:
| /* confdefs.h */
| #define PACKAGE_NAME "TimblServer"
| #define PACKAGE_TARNAME "timblserver"
| #define PACKAGE_VERSION "1.0.1"
| #define PACKAGE_STRING "TimblServer 1.0.1"
| #define PACKAGE_BUGREPORT "timbl@uvt.nl"
| #define PACKAGE_URL ""
| #define PACKAGE "timblserver"
| #define VERSION "1.0.1"
| #define BIN_PATH "/home/sloot/usr/local/bin"
| #define SYSCONF_PATH "/home/sloot/usr/local/etc"
| #define LOCALSTATE_PATH "/home/sloot/usr/local/var"
| #define STDC_HEADERS 1
| #define HAVE_SYS_TYPES_H 1
| #define HAVE_SYS_STAT_H 1
| #define HAVE_STDLIB_H 1
| #define HAVE_STRING_H 1
| #define HAVE_MEMORY_H 1
| #define HAVE_STRINGS_H 1
| #define HAVE_INTTYPES_H 1
| #define HAVE_STDINT_H 1
| #define HAVE_UNISTD_H 1
| #define HAVE_DLFCN_H 1
| #define LT_OBJDIR ".libs/"
| #define HAVE_ARPA_INET_H 1
| #define HAVE_NETDB_H 1
| #define HAVE_NETINET_IN_H 1
| #define HAVE_SYS_SOCKET_H 1
| #define HAVE_SYS_TIME_H 1
| #define HAVE_SYS_TIMEB_H 1
| /* end confdefs.h.  */
| #include <unistd.h,fcntl.h>
configure:15089: result: no
configure:15089: checking for unistd.h,fcntl.h
configure:15089: result: no
configure:15102: checking for stdbool.h that conforms to C99
configure:15187: g++ -c -g -O2 -pthread -fopenmp  conftest.cpp >&5
configure:15187: $? = 0
configure:15194: result: yes
configure:15196: checking for _Bool
configure:15196: g++ -c -g -O2 -pthread -fopenmp  conftest.cpp >&5
conftest.cpp: In function 'int main()':
conftest.cpp:68: error: '_Bool' was not declared in this scope
configure:15196: $? = 1
configure: failed program was:
| /* confdefs.h */
| #define PACKAGE_NAME "TimblServer"
| #define PACKAGE_TARNAME "timblserver"
| #define PACKAGE_VERSION "1.0.1"
| #define PACKAGE_STRING "TimblServer 1.0.1"
| #define PACKAGE_BUGREPORT "timbl@uvt.nl"
| #define PACKAGE_URL ""
| #define PACKAGE "timblserver"
| #define VERSION "1.0.1"
| #define BIN_PATH "/home/sloot/usr/local/bin"
| #define SYSCONF_PATH "/home/sloot/usr/local/etc"
| #define LOCALSTATE_PATH "/home/sloot/usr/local/var"
| #define STDC_HEADERS 1
| #define HAVE_SYS_TYPES_H 1
| #define HAVE_SYS_STAT_H 1
| #define HAVE_STDLIB_H 1
| #define HAVE_STRING_H 1
| #define HAVE_MEMORY_H 1
| #define HAVE_STRINGS_H 1
| #define HAVE_INTTYPES_H 1
| #define HAVE_STDINT_H 1
| #define HAVE_UNISTD_H 1
| #define HAVE_DLFCN_H 1
| #define LT_OBJDIR ".libs/"
| #define HAVE_ARPA_INET_H 1
| #define HAVE_NETDB_H 1
| #define HAVE_NETINET_IN_H 1
| #define HAVE_SYS_SOCKET_H 1
| #define HAVE_SYS_TIME_H 1
| #define HAVE_SYS_TIMEB_H 1
| /* end confdefs.h.  */
| #include <stdio.h>
| #ifdef HAVE_SYS_TYPES_H
| # include <sys/types.h>
| #endif
| #ifdef HAVE_SYS_STAT_H
| # include <sys/stat.h>
| #endif
| #ifdef STDC_HEADERS
| # include <stdlib.h>
| # include <stddef.h>
| #else
| # ifdef HAVE_STDLIB_H
| #  include <stdlib.h>
| # endif
| #endif
| #ifdef HAVE_STRING_H
| # if !defined STDC_HEADERS && defined HAVE_MEMORY_H
| #  include <memory.h>
| # endif
| # include <string.h>
| #endif
| #ifdef HAVE_STRINGS_H
| # include <strings.h>
| #endif
| #ifdef HAVE_INTTYPES_H
| # include <inttypes.h>
| #endif
| #ifdef HAVE_STDINT_H
| # include <stdint.h>
| #endif
| #ifdef HAVE_UNISTD_H
| # include <unistd.h>
| #endif
| int
| main ()
| {
| if (sizeof (_Bool))
| 	 return 0;
|   ;
|   return 0;
| }
configure:15196: result: no
configure:15212: checking for inline
configure:15228: g++ -c -g -O2 -pthread -fopenmp  conftest.cpp >&5
configure:15228: $? = 0
configure:15236: result: inline
configure:15254: checking for an ANSI C-conforming const
configure:15319: g++ -c -g -O2 -pthread -fopenmp  conftest.cpp >&5
configure:15319: $? = 0
configure:15326: result: yes
configure:15334: checking for pid_t
configure:15334: g++ -c -g -O2 -pthread -fopenmp  conftest.cpp >&5
configure:15334: $? = 0
configure:15334: g++ -c -g -O2 -pthread -fopenmp  conftest.cpp >&5
conftest.cpp: In function 'int main()':
conftest.cpp:69: error: expected primary-expression before ')' token
configure:15334: $? = 1
configure: failed program was:
| /* confdefs.h */
| #define PACKAGE_NAME "TimblServer"
| #define PACKAGE_TARNAME "timblserver"
| #define PACKAGE_VERSION "1.0.1"
| #define PACKAGE_STRING "TimblServer 1.0.1"
| #define PACKAGE_BUGREPORT "timbl@uvt.nl"
| #define PACKAGE_URL ""
| #define PACKAGE "timblserver"
| #define VERSION "1.0.1"
| #define BIN_PATH "/home/sloot/usr/local/bin"
| #define SYSCONF_PATH "/home/sloot/usr/local/etc"
| #define LOCALSTATE_PATH "/home/sloot/usr/local/var"
| #define STDC_HEADERS 1
| #define HAVE_SYS_TYPES_H 1
| #define HAVE_SYS_STAT_H 1
| #define HAVE_STDLIB_H 1
| #define HAVE_STRING_H 1
| #define HAVE_MEMORY_H 1
| #define HAVE_STRINGS_H 1
| #define HAVE_INTTYPES_H 1
| #define HAVE_STDINT_H 1
| #define HAVE_UNISTD_H 1
| #define HAVE_DLFCN_H 1
| #define LT_OBJDIR ".libs/"
| #define HAVE_ARPA_INET_H 1
| #define HAVE_NETDB_H 1
| #define HAVE_NETINET_IN_H 1
| #define HAVE_SYS_SOCKET_H 1
| #define HAVE_SYS_TIME_H 1
| #define HAVE_SYS_TIMEB_H 1
| #define HAVE_STDBOOL_H 1
| /* end confdefs.h.  */
| #include <stdio.h>
| #ifdef HAVE_SYS_TYPES_H
| # include <sys/types.h>
| #endif
| #ifdef HAVE_SYS_STAT_H
| # include <sys/stat.h>
| #endif
| #ifdef STDC_HEADERS
| # include <stdlib.h>
| # include <stddef.h>
| #else
| # ifdef HAVE_STDLIB_H
| #  include <stdlib.h>
| # endif
| #endif
| #ifdef HAVE_STRING_H
| # if !defined STDC_HEADERS && defined HAVE_MEMORY_H
| #  include <memory.h>
| # endif
| # include <string.h>
| #endif
| #ifdef HAVE_STRINGS_H
| # include <strings.h>
| #endif
| #ifdef HAVE_INTTYPES_H
| # include <inttypes.h>
| #endif
| #ifdef HAVE_STDINT_H
| # include <stdint.h>
| #endif
| #ifdef HAVE_UNISTD_H
| # include <unistd.h>
| #endif
| int
| main ()
| {
| if (sizeof ((pid_t)))
| 	    return 0;
|   ;
|   return 0;
| }
configure:15334: result: yes
configure:15347: checking vfork.h usability
configure:15347: g++ -c -g -O2 -pthread -fopenmp  conftest.cpp >&5
conftest.cpp:66:19: error: vfork.h: No such file or directory
configure:15347: $? = 1
configure: failed program was:
| /* confdefs.h */
| #define PACKAGE_NAME "TimblServer"
| #define PACKAGE_TARNAME "timblserver"
| #define PACKAGE_VERSION "1.0.1"
| #define PACKAGE_STRING "TimblServer 1.0.1"
| #define PACKAGE_BUGREPORT "timbl@uvt.nl"
| #define PACKAGE_URL ""
| #define PACKAGE "timblserver"
| #define VERSION "1.0.1"
| #define BIN_PATH "/home/sloot/usr/local/bin"
| #define SYSCONF_PATH "/home/sloot/usr/local/etc"
| #define LOCALSTATE_PATH "/home/sloot/usr/local/var"
| #define STDC_HEADERS 1
| #define HAVE_SYS_TYPES_H 1
| #define HAVE_SYS_STAT_H 1
| #define HAVE_STDLIB_H 1
| #define HAVE_STRING_H 1
| #define HAVE_MEMORY_H 1
| #define HAVE_STRINGS_H 1
| #define HAVE_INTTYPES_H 1
| #define HAVE_STDINT_H 1
| #define HAVE_UNISTD_H 1
| #define HAVE_DLFCN_H 1
| #define LT_OBJDIR ".libs/"
| #define HAVE_ARPA_INET_H 1
| #define HAVE_NETDB_H 1
| #define HAVE_NETINET_IN_H 1
| #define HAVE_SYS_SOCKET_H 1
| #define HAVE_SYS_TIME_H 1
| #define HAVE_SYS_TIMEB_H 1
| #define HAVE_STDBOOL_H 1
| /* end confdefs.h.  */
| #include <stdio.h>
| #ifdef HAVE_SYS_TYPES_H
| # include <sys/types.h>
| #endif
| #ifdef HAVE_SYS_STAT_H
| # include <sys/stat.h>
| #endif
| #ifdef STDC_HEADERS
| # include <stdlib.h>
| # include <stddef.h>
| #else
| # ifdef HAVE_STDLIB_H
| #  include <stdlib.h>
| # endif
| #endif
| #ifdef HAVE_STRING_H
| # if !defined STDC_HEADERS && defined HAVE_MEMORY_H
| #  include <memory.h>
| # endif
| # include <string.h>
| #endif
| #ifdef HAVE_STRINGS_H
| # include <strings.h>
| #endif
| #ifdef HAVE_INTTYPES_H
| # include <inttypes.h>
| #endif
| #ifdef HAVE_STDINT_H
| # include <stdint.h>
| #endif
| #ifdef HAVE_UNISTD_H
| # include <unistd.h>
| #endif
| #include <vfork.h>
configure:15347: result: no
configure:15347: checking vfork.h presence
configure:15347: g++ -E  conftest.cpp
conftest.cpp:33:19: error: vfork.h: No such file or directory
configure:15347: $? = 1
configure: failed program was:
| /* confdefs.h */
| #define PACKAGE_NAME "TimblServer"
| #define PACKAGE_TARNAME "timblserver"
| #define PACKAGE_VERSION "1.0.1"
| #define PACKAGE_STRING "TimblServer 1.0.1"
| #define PACKAGE_BUGREPORT "timbl@uvt.nl"
| #define PACKAGE_URL ""
| #define PACKAGE "timblserver"
| #define VERSION "1.0.1"
| #define BIN_PATH "/home/sloot/usr/local/bin"
| #define SYSCONF_PATH "/home/sloot/usr/local/etc"
| #define LOCALSTATE_PATH "/home/sloot/usr/local/var"
| #define STDC_HEADERS 1
| #define HAVE_SYS_TYPES_H 1
| #define HAVE_SYS_STAT_H 1
| #define HAVE_STDLIB_H 1
| #define HAVE_STRING_H 1
| #define HAVE_MEMORY_H 1
| #define HAVE_STRINGS_H 1
| #define HAVE_INTTYPES_H 1
| #define HAVE_STDINT_H 1
| #define HAVE_UNISTD_H 1
| #define HAVE_DLFCN_H 1
| #define LT_OBJDIR ".libs/"
| #define HAVE_ARPA_INET_H 1
| #define HAVE_NETDB_H 1
| #define HAVE_NETINET_IN_H 1
| #define HAVE_SYS_SOCKET_H 1
| #define HAVE_SYS_TIME_H 1
| #define HAVE_SYS_TIMEB_H 1
| #define HAVE_STDBOOL_H 1
| /* end confdefs.h.  */
| #include <vfork.h>
configure:15347: result: no
configure:15347: checking for vfork.h
configure:15347: result: no
configure:15360: checking for fork
configure:15360: g++ -o conftest -g -O2 -pthread -fopenmp   conftest.cpp   >&5
configure:15360: $? = 0
configure:15360: result: yes
configure:15360: checking for vfork
configure:15360: g++ -o conftest -g -O2 -pthread -fopenmp   conftest.cpp   >&5
configure:15360: $? = 0
configure:15360: result: yes
configure:15371: checking for working fork
configure:15393: g++ -o conftest -g -O2 -pthread -fopenmp   conftest.cpp   >&5
configure:15393: $? = 0
configure:15393: ./conftest
configure:15393: $? = 0
configure:15403: result: yes
configure:15424: checking for working vfork
configure:15534: result: yes
configure:15561: checking for strftime
configure:15561: g++ -o conftest -g -O2 -pthread -fopenmp   conftest.cpp   >&5
configure:15561: $? = 0
configure:15561: result: yes
configure:15614: checking whether time.h and sys/time.h may both be included
configure:15634: g++ -c -g -O2 -pthread -fopenmp  conftest.cpp >&5
configure:15634: $? = 0
configure:15641: result: yes
configure:15649: checking whether struct tm is in sys/time.h or time.h
configure:15669: g++ -c -g -O2 -pthread -fopenmp  conftest.cpp >&5
configure:15669: $? = 0
configure:15676: result: time.h
configure:15684: checking return type of signal handlers
configure:15702: g++ -c -g -O2 -pthread -fopenmp  conftest.cpp >&5
conftest.cpp: In function 'int main()':
conftest.cpp:45: error: void value not ignored as it ought to be
configure:15702: $? = 1
configure: failed program was:
| /* confdefs.h */
| #define PACKAGE_NAME "TimblServer"
| #define PACKAGE_TARNAME "timblserver"
| #define PACKAGE_VERSION "1.0.1"
| #define PACKAGE_STRING "TimblServer 1.0.1"
| #define PACKAGE_BUGREPORT "timbl@uvt.nl"
| #define PACKAGE_URL ""
| #define PACKAGE "timblserver"
| #define VERSION "1.0.1"
| #define BIN_PATH "/home/sloot/usr/local/bin"
| #define SYSCONF_PATH "/home/sloot/usr/local/etc"
| #define LOCALSTATE_PATH "/home/sloot/usr/local/var"
| #define STDC_HEADERS 1
| #define HAVE_SYS_TYPES_H 1
| #define HAVE_SYS_STAT_H 1
| #define HAVE_STDLIB_H 1
| #define HAVE_STRING_H 1
| #define HAVE_MEMORY_H 1
| #define HAVE_STRINGS_H 1
| #define HAVE_INTTYPES_H 1
| #define HAVE_STDINT_H 1
| #define HAVE_UNISTD_H 1
| #define HAVE_DLFCN_H 1
| #define LT_OBJDIR ".libs/"
| #define HAVE_ARPA_INET_H 1
| #define HAVE_NETDB_H 1
| #define HAVE_NETINET_IN_H 1
| #define HAVE_SYS_SOCKET_H 1
| #define HAVE_SYS_TIME_H 1
| #define HAVE_SYS_TIMEB_H 1
| #define HAVE_STDBOOL_H 1
| #define HAVE_FORK 1
| #define HAVE_VFORK 1
| #define HAVE_WORKING_VFORK 1
| #define HAVE_WORKING_FORK 1
| #define HAVE_STRFTIME 1
| #define TIME_WITH_SYS_TIME 1
| /* end confdefs.h.  */
| #include <sys/types.h>
| #include <signal.h>
| 
| int
| main ()
| {
| return *(signal (0, 0)) (0) == 1;
|   ;
|   return 0;
| }
configure:15709: result: void
configure:15717: checking for ssize_t
configure:15717: g++ -c -g -O2 -pthread -fopenmp  conftest.cpp >&5
configure:15717: $? = 0
configure:15717: g++ -c -g -O2 -pthread -fopenmp  conftest.cpp >&5
conftest.cpp: In function 'int main()':
conftest.cpp:76: error: expected primary-expression before ')' token
configure:15717: $? = 1
configure: failed program was:
| /* confdefs.h */
| #define PACKAGE_NAME "TimblServer"
| #define PACKAGE_TARNAME "timblserver"
| #define PACKAGE_VERSION "1.0.1"
| #define PACKAGE_STRING "TimblServer 1.0.1"
| #define PACKAGE_BUGREPORT "timbl@uvt.nl"
| #define PACKAGE_URL ""
| #define PACKAGE "timblserver"
| #define VERSION "1.0.1"
| #define BIN_PATH "/home/sloot/usr/local/bin"
| #define SYSCONF_PATH "/home/sloot/usr/local/etc"
| #define LOCALSTATE_PATH "/home/sloot/usr/local/var"
| #define STDC_HEADERS 1
| #define HAVE_SYS_TYPES_H 1
| #define HAVE_SYS_STAT_H 1
| #define HAVE_STDLIB_H 1
| #define HAVE_STRING_H 1
| #define HAVE_MEMORY_H 1
| #define HAVE_STRINGS_H 1
| #define HAVE_INTTYPES_H 1
| #define HAVE_STDINT_H 1
| #define HAVE_UNISTD_H 1
| #define HAVE_DLFCN_H 1
| #define LT_OBJDIR ".libs/"
| #define HAVE_ARPA_INET_H 1
| #define HAVE_NETDB_H 1
| #define HAVE_NETINET_IN_H 1
| #define HAVE_SYS_SOCKET_H 1
| #define HAVE_SYS_TIME_H 1
| #define HAVE_SYS_TIMEB_H 1
| #define HAVE_STDBOOL_H 1
| #define HAVE_FORK 1
| #define HAVE_VFORK 1
| #define HAVE_WORKING_VFORK 1
| #define HAVE_WORKING_FORK 1
| #define HAVE_STRFTIME 1
| #define TIME_WITH_SYS_TIME 1
| #define RETSIGTYPE void
| /* end confdefs.h.  */
| #include <stdio.h>
| #ifdef HAVE_SYS_TYPES_H
| # include <sys/types.h>
| #endif
| #ifdef HAVE_SYS_STAT_H
| # include <sys/stat.h>
| #endif
| #ifdef STDC_HEADERS
| # include <stdlib.h>
| # include <stddef.h>
| #else
| # ifdef HAVE_STDLIB_H
| #  include <stdlib.h>
| # endif
| #endif
| #ifdef HAVE_STRING_H
| # if !defined STDC_HEADERS && defined HAVE_MEMORY_H
| #  include <memory.h>
| # endif
| # include <string.h>
| #endif
| #ifdef HAVE_STRINGS_H
| # include <strings.h>
| #endif
| #ifdef HAVE_INTTYPES_H
| # include <inttypes.h>
| #endif
| #ifdef HAVE_STDINT_H
| # include <stdint.h>
| #endif
| #ifdef HAVE_UNISTD_H
| # include <unistd.h>
| #endif
| int
| main ()
| {
| if (sizeof ((ssize_t)))
| 	    return 0;
|   ;
|   return 0;
| }
configure:15717: result: yes
configure:15728: checking for size_t
configure:15728: g++ -c -g -O2 -pthread -fopenmp  conftest.cpp >&5
configure:15728: $? = 0
configure:15728: g++ -c -g -O2 -pthread -fopenmp  conftest.cpp >&5
conftest.cpp: In function 'int main()':
conftest.cpp:76: error: expected primary-expression before ')' token
configure:15728: $? = 1
configure: failed program was:
| /* confdefs.h */
| #define PACKAGE_NAME "TimblServer"
| #define PACKAGE_TARNAME "timblserver"
| #define PACKAGE_VERSION "1.0.1"
| #define PACKAGE_STRING "TimblServer 1.0.1"
| #define PACKAGE_BUGREPORT "timbl@uvt.nl"
| #define PACKAGE_URL ""
| #define PACKAGE "timblserver"
| #define VERSION "1.0.1"
| #define BIN_PATH "/home/sloot/usr/local/bin"
| #define SYSCONF_PATH "/home/sloot/usr/local/etc"
| #define LOCALSTATE_PATH "/home/sloot/usr/local/var"
| #define STDC_HEADERS 1
| #define HAVE_SYS_TYPES_H 1
| #define HAVE_SYS_STAT_H 1
| #define HAVE_STDLIB_H 1
| #define HAVE_STRING_H 1
| #define HAVE_MEMORY_H 1
| #define HAVE_STRINGS_H 1
| #define HAVE_INTTYPES_H 1
| #define HAVE_STDINT_H 1
| #define HAVE_UNISTD_H 1
| #define HAVE_DLFCN_H 1
| #define LT_OBJDIR ".libs/"
| #define HAVE_ARPA_INET_H 1
| #define HAVE_NETDB_H 1
| #define HAVE_NETINET_IN_H 1
| #define HAVE_SYS_SOCKET_H 1
| #define HAVE_SYS_TIME_H 1
| #define HAVE_SYS_TIMEB_H 1
| #define HAVE_STDBOOL_H 1
| #define HAVE_FORK 1
| #define HAVE_VFORK 1
| #define HAVE_WORKING_VFORK 1
| #define HAVE_WORKING_FORK 1
| #define HAVE_STRFTIME 1
| #define TIME_WITH_SYS_TIME 1
| #define RETSIGTYPE void
| /* end confdefs.h.  */
| #include <stdio.h>
| #ifdef HAVE_SYS_TYPES_H
| # include <sys/types.h>
| #endif
| #ifdef HAVE_SYS_STAT_H
| # include <sys/stat.h>
| #endif
| #ifdef STDC_HEADERS
| # include <stdlib.h>
| # include <stddef.h>
| #else
| # ifdef HAVE_STDLIB_H
| #  include <stdlib.h>
| # endif
| #endif
| #ifdef HAVE_STRING_H
| # if !defined STDC_HEADERS && defined HAVE_MEMORY_H
| #  include <memory.h>
| # endif
| # include <string.h>
| #endif
| #ifdef HAVE_STRINGS_H
| # include <strings.h>
| #endif
| #ifdef HAVE_INTTYPES_H
| # include <inttypes.h>
| #endif
| #ifdef HAVE_STDINT_H
| # include <stdint.h>
| #endif
| #ifdef HAVE_UNISTD_H
| # include <unistd.h>
| #endif
| int
| main ()
| {
| if (sizeof ((size_t)))
| 	    return 0;
|   ;
|   return 0;
| }
configure:15728: result: yes
configure:15739: checking for pid_t
configure:15739: result: yes
configure:15754: checking for stdlib.h
configure:15754: result: yes
configure:15764: checking for GNU libc compatible malloc
configure:15788: g++ -o conftest -g -O2 -pthread -fopenmp   conftest.cpp   >&5
configure:15788: $? = 0
configure:15788: ./conftest
configure:15788: $? = 0
configure:15798: result: yes
configure:15822: checking for floor
configure:15822: g++ -o conftest -g -O2 -pthread -fopenmp   conftest.cpp   >&5
configure:15822: $? = 0
configure:15822: result: yes
configure:15822: checking for getaddrinfo
configure:15822: g++ -o conftest -g -O2 -pthread -fopenmp   conftest.cpp   >&5
configure:15822: $? = 0
configure:15822: result: yes
configure:15822: checking for gethostbyaddr
configure:15822: g++ -o conftest -g -O2 -pthread -fopenmp   conftest.cpp   >&5
configure:15822: $? = 0
configure:15822: result: yes
configure:15822: checking for gethostbyname
configure:15822: g++ -o conftest -g -O2 -pthread -fopenmp   conftest.cpp   >&5
configure:15822: $? = 0
configure:15822: result: yes
configure:15822: checking for gettimeofday
configure:15822: g++ -o conftest -g -O2 -pthread -fopenmp   conftest.cpp   >&5
configure:15822: $? = 0
configure:15822: result: yes
configure:15822: checking for inet_ntoa
configure:15822: g++ -o conftest -g -O2 -pthread -fopenmp   conftest.cpp   >&5
configure:15822: $? = 0
configure:15822: result: yes
configure:15822: checking for localtime_r
configure:15822: g++ -o conftest -g -O2 -pthread -fopenmp   conftest.cpp   >&5
configure:15822: $? = 0
configure:15822: result: yes
configure:15822: checking for memset
configure:15822: g++ -o conftest -g -O2 -pthread -fopenmp   conftest.cpp   >&5
configure:15822: $? = 0
configure:15822: result: yes
configure:15822: checking for pow
configure:15822: g++ -o conftest -g -O2 -pthread -fopenmp   conftest.cpp   >&5
configure:15822: $? = 0
configure:15822: result: yes
configure:15822: checking for rint
configure:15822: g++ -o conftest -g -O2 -pthread -fopenmp   conftest.cpp   >&5
configure:15822: $? = 0
configure:15822: result: yes
configure:15822: checking for socket
configure:15822: g++ -o conftest -g -O2 -pthread -fopenmp   conftest.cpp   >&5
configure:15822: $? = 0
configure:15822: result: yes
configure:15822: checking for sqrt
configure:15822: g++ -o conftest -g -O2 -pthread -fopenmp   conftest.cpp   >&5
configure:15822: $? = 0
configure:15822: result: yes
configure:15822: checking for strchr
configure:15822: g++ -o conftest -g -O2 -pthread -fopenmp   conftest.cpp   >&5
configure:15822: $? = 0
configure:15822: result: yes
configure:15822: checking for strerror
configure:15822: g++ -o conftest -g -O2 -pthread -fopenmp   conftest.cpp   >&5
configure:15822: $? = 0
configure:15822: result: yes
configure:15822: checking for daemon
configure:15822: g++ -o conftest -g -O2 -pthread -fopenmp   conftest.cpp   >&5
configure:15822: $? = 0
configure:15822: result: yes
configure:15822: checking for dup2
configure:15822: g++ -o conftest -g -O2 -pthread -fopenmp   conftest.cpp   >&5
configure:15822: $? = 0
configure:15822: result: yes
configure:15822: checking for memmove
configure:15822: g++ -o conftest -g -O2 -pthread -fopenmp   conftest.cpp   >&5
configure:15822: $? = 0
configure:15822: result: yes
configure:15833: checking for connect
configure:15833: g++ -o conftest -g -O2 -pthread -fopenmp   conftest.cpp   >&5
configure:15833: $? = 0
configure:15833: result: yes
configure:15888: checking for socklen_t
configure:15923: g++ -c -g -O2 -pthread -fopenmp  conftest.cpp >&5
configure:15923: $? = 0
configure:15968: result: socklen_t
configure:16026: checking for pkg-config
configure:16044: found /usr/bin/pkg-config
configure:16056: result: /usr/bin/pkg-config
configure:16081: checking pkg-config is at least version 0.9.0
configure:16084: result: yes
configure:16107: pkg-config search path: :/home/sloot/usr/local/lib/pkgconfig 
configure:16111: checking for timbl
configure:16119: $PKG_CONFIG --exists --print-errors "timbl >= 6.2.3 "
configure:16122: $? = 0
configure:16137: $PKG_CONFIG --exists --print-errors "timbl >= 6.2.3 "
configure:16140: $? = 0
configure:16195: result: yes
configure:16334: creating ./config.status

## ---------------- ##
## Cache variables. ##
## ---------------- ##

ac_cv_build=x86_64-unknown-linux-gnu
ac_cv_c_compiler_gnu=yes
ac_cv_c_const=yes
ac_cv_c_inline=inline
ac_cv_check_socklen_t=socklen_t
ac_cv_cxx_compiler_gnu=yes
ac_cv_env_CCC_set=
ac_cv_env_CCC_value=
ac_cv_env_CC_set=
ac_cv_env_CC_value=
ac_cv_env_CFLAGS_set=
ac_cv_env_CFLAGS_value=
ac_cv_env_CPPFLAGS_set=
ac_cv_env_CPPFLAGS_value=
ac_cv_env_CPP_set=
ac_cv_env_CPP_value=
ac_cv_env_CXXCPP_set=
ac_cv_env_CXXCPP_value=
ac_cv_env_CXXFLAGS_set=
ac_cv_env_CXXFLAGS_value=
ac_cv_env_CXX_set=
ac_cv_env_CXX_value=
ac_cv_env_LDFLAGS_set=
ac_cv_env_LDFLAGS_value=
ac_cv_env_LIBS_set=
ac_cv_env_LIBS_value=
ac_cv_env_PKG_CONFIG_set=
ac_cv_env_PKG_CONFIG_value=
ac_cv_env_build_alias_set=
ac_cv_env_build_alias_value=
ac_cv_env_host_alias_set=
ac_cv_env_host_alias_value=
ac_cv_env_target_alias_set=
ac_cv_env_target_alias_value=
ac_cv_env_timbl_CFLAGS_set=
ac_cv_env_timbl_CFLAGS_value=
ac_cv_env_timbl_LIBS_set=
ac_cv_env_timbl_LIBS_value=
ac_cv_func_connect=yes
ac_cv_func_daemon=yes
ac_cv_func_dup2=yes
ac_cv_func_floor=yes
ac_cv_func_fork=yes
ac_cv_func_fork_works=yes
ac_cv_func_getaddrinfo=yes
ac_cv_func_gethostbyaddr=yes
ac_cv_func_gethostbyname=yes
ac_cv_func_gettimeofday=yes
ac_cv_func_inet_ntoa=yes
ac_cv_func_localtime_r=yes
ac_cv_func_malloc_0_nonnull=yes
ac_cv_func_memmove=yes
ac_cv_func_memset=yes
ac_cv_func_pow=yes
ac_cv_func_rint=yes
ac_cv_func_socket=yes
ac_cv_func_sqrt=yes
ac_cv_func_strchr=yes
ac_cv_func_strerror=yes
ac_cv_func_strftime=yes
ac_cv_func_vfork=yes
ac_cv_func_vfork_works=yes
ac_cv_header_arpa_inet_h=yes
ac_cv_header_dlfcn_h=yes
ac_cv_header_inttypes_h=yes
ac_cv_header_memory_h=yes
ac_cv_header_netdb_h=yes
ac_cv_header_netinet_in_h=yes
ac_cv_header_stdbool_h=yes
ac_cv_header_stdc=yes
ac_cv_header_stdint_h=yes
ac_cv_header_stdlib_h=yes
ac_cv_header_string_h=yes
ac_cv_header_strings_h=yes
ac_cv_header_sys_socket_h=yes
ac_cv_header_sys_stat_h=yes
ac_cv_header_sys_time_h=yes
ac_cv_header_sys_timeb_h=yes
ac_cv_header_sys_types_h=yes
ac_cv_header_time=yes
ac_cv_header_unistd_h=yes
ac_cv_header_unistd_h_fcntl_h=no
ac_cv_header_vfork_h=no
ac_cv_host=x86_64-unknown-linux-gnu
ac_cv_objext=o
ac_cv_path_EGREP='/bin/grep -E'
ac_cv_path_FGREP='/bin/grep -F'
ac_cv_path_GREP=/bin/grep
ac_cv_path_SED=/bin/sed
ac_cv_path_ac_pt_PKG_CONFIG=/usr/bin/pkg-config
ac_cv_path_install='/usr/bin/install -c'
ac_cv_path_mkdir=/bin/mkdir
ac_cv_prog_AWK=gawk
ac_cv_prog_CPP='gcc -E'
ac_cv_prog_CXXCPP='g++ -E'
ac_cv_prog_ac_ct_AR=ar
ac_cv_prog_ac_ct_CC=gcc
ac_cv_prog_ac_ct_CXX=g++
ac_cv_prog_ac_ct_OBJDUMP=objdump
ac_cv_prog_ac_ct_RANLIB=ranlib
ac_cv_prog_ac_ct_STRIP=strip
ac_cv_prog_cc_c89=
ac_cv_prog_cc_g=yes
ac_cv_prog_cxx_g=yes
ac_cv_prog_make_make_set=yes
ac_cv_struct_tm=time.h
ac_cv_type__Bool=no
ac_cv_type_pid_t=yes
ac_cv_type_signal=void
ac_cv_type_size_t=yes
ac_cv_type_ssize_t=yes
am_cv_CC_dependencies_compiler_type=gcc3
am_cv_CXX_dependencies_compiler_type=gcc3
ax_cv_cxx_openmp=-fopenmp
lt_cv_deplibs_check_method=pass_all
lt_cv_file_magic_cmd='$MAGIC_CMD'
lt_cv_file_magic_test_file=
lt_cv_ld_reload_flag=-r
lt_cv_nm_interface='BSD nm'
lt_cv_objdir=.libs
lt_cv_path_LD=/usr/bin/ld
lt_cv_path_LDCXX='/usr/bin/ld -m elf_x86_64'
lt_cv_path_NM='/usr/bin/nm -B'
lt_cv_prog_compiler_c_o=yes
lt_cv_prog_compiler_c_o_CXX=yes
lt_cv_prog_compiler_pic_works=yes
lt_cv_prog_compiler_pic_works_CXX=yes
lt_cv_prog_compiler_rtti_exceptions=no
lt_cv_prog_compiler_static_works=yes
lt_cv_prog_compiler_static_works_CXX=yes
lt_cv_prog_gnu_ld=yes
lt_cv_prog_gnu_ldcxx=yes
lt_cv_sys_global_symbol_pipe='sed -n -e '\''s/^.*[	 ]\([ABCDGIRSTW][ABCDGIRSTW]*\)[	 ][	 ]*\([_A-Za-z][_A-Za-z0-9]*\)$/\1 \2 \2/p'\'''
lt_cv_sys_global_symbol_to_c_name_address='sed -n -e '\''s/^: \([^ ]*\) $/  {\"\1\", (void *) 0},/p'\'' -e '\''s/^[ABCDGIRSTW]* \([^ ]*\) \([^ ]*\)$/  {"\2", (void *) \&\2},/p'\'''
lt_cv_sys_global_symbol_to_c_name_address_lib_prefix='sed -n -e '\''s/^: \([^ ]*\) $/  {\"\1\", (void *) 0},/p'\'' -e '\''s/^[ABCDGIRSTW]* \([^ ]*\) \(lib[^ ]*\)$/  {"\2", (void *) \&\2},/p'\'' -e '\''s/^[ABCDGIRSTW]* \([^ ]*\) \([^ ]*\)$/  {"lib\2", (void *) \&\2},/p'\'''
lt_cv_sys_global_symbol_to_cdecl='sed -n -e '\''s/^T .* \(.*\)$/extern int \1();/p'\'' -e '\''s/^[ABCDGIRSTW]* .* \(.*\)$/extern char \1;/p'\'''
lt_cv_sys_max_cmd_len=3458764513820540925
pkg_cv_timbl_CFLAGS='-I/home//sloot//usr/local/include -I/usr/include/libxml2  '
pkg_cv_timbl_LIBS='-L/home//sloot//usr/local/lib -lTimbl -lxml2  '

## ----------------- ##
## Output variables. ##
## ----------------- ##

ACLOCAL='${SHELL} /home/sloot/svn/src/TimblServer/missing --run aclocal-1.11'
AMDEPBACKSLASH='\'
AMDEP_FALSE='#'
AMDEP_TRUE=''
AMTAR='${SHELL} /home/sloot/svn/src/TimblServer/missing --run tar'
AR='ar'
AUTOCONF='${SHELL} /home/sloot/svn/src/TimblServer/missing --run autoconf'
AUTOHEADER='${SHELL} /home/sloot/svn/src/TimblServer/missing --run autoheader'
AUTOMAKE='${SHELL} /home/sloot/svn/src/TimblServer/missing --run automake-1.11'
AWK='gawk'
BIN_PATH='/home/sloot/usr/local/bin'
CC='gcc'
CCDEPMODE='depmode=gcc3'
CFLAGS='-g -O2'
CPP='gcc -E'
CPPFLAGS=''
CXX='g++'
CXXCPP='g++ -E'
CXXDEPMODE='depmode=gcc3'
CXXFLAGS='-g -O2 -pthread -fopenmp -I/home//sloot//usr/local/include -I/usr/include/libxml2  '
CYGPATH_W='echo'
DEFS='-DHAVE_CONFIG_H'
DEPDIR='.deps'
DSYMUTIL=''
DUMPBIN=''
ECHO_C=''
ECHO_N='-n'
ECHO_T=''
EGREP='/bin/grep -E'
EXEEXT=''
FGREP='/bin/grep -F'
GREP='/bin/grep'
INSTALL_DATA='${INSTALL} -m 644'
INSTALL_PROGRAM='${INSTALL}'
INSTALL_SCRIPT='${INSTALL}'
INSTALL_STRIP_PROGRAM='$(install_sh) -c -s'
LD='/usr/bin/ld -m elf_x86_64'
LDFLAGS=''
LIBOBJS=''
LIBS='  -L/home//sloot//usr/local/lib -lTimbl -lxml2  '
LIBTOOL='$(SHELL) $(top_builddir)/libtool'
LIBTOOL_DEPS='./ltmain.sh'
LIPO=''
LN_S='ln -s'
LOCALSTATE_PATH='/home/sloot/usr/local/var'
LTLIBOBJS=''
MAKEINFO='${SHELL} /home/sloot/svn/src/TimblServer/missing --run makeinfo'
MKDIR_P='/bin/mkdir -p'
NM='/usr/bin/nm -B'
NMEDIT=''
OBJDUMP='objdump'
OBJEXT='o'
OTOOL64=''
OTOOL=''
PACKAGE='timblserver'
PACKAGE_BUGREPORT='timbl@uvt.nl'
PACKAGE_NAME='TimblServer'
PACKAGE_STRING='TimblServer 1.0.1'
PACKAGE_TARNAME='timblserver'
PACKAGE_URL=''
PACKAGE_VERSION='1.0.1'
PATH_SEPARATOR=':'
PKG_CONFIG='/usr/bin/pkg-config'
PTHREAD_CC='gcc'
PTHREAD_CFLAGS='-pthread'
PTHREAD_LIBS=''
RANLIB='ranlib'
SED='/bin/sed'
SET_MAKE=''
SHELL='/bin/bash'
STRIP='strip'
SYSCONF_PATH='/home/sloot/usr/local/etc'
VERSION='1.0.1'
WANT_OMP_FALSE='#'
WANT_OMP_TRUE=''
ac_ct_CC='gcc'
ac_ct_CXX='g++'
ac_ct_DUMPBIN=''
acx_pthread_config=''
am__EXEEXT_FALSE=''
am__EXEEXT_TRUE='#'
am__fastdepCC_FALSE='#'
am__fastdepCC_TRUE=''
am__fastdepCXX_FALSE='#'
am__fastdepCXX_TRUE=''
am__include='include'
am__isrc=''
am__leading_dot='.'
am__quote=''
am__tar='${AMTAR} chof - "$$tardir"'
am__untar='${AMTAR} xf -'
bindir='${exec_prefix}/bin'
build='x86_64-unknown-linux-gnu'
build_alias=''
build_cpu='x86_64'
build_os='linux-gnu'
build_vendor='unknown'
datadir='${datarootdir}'
datarootdir='${prefix}/share'
docdir='${datarootdir}/doc/${PACKAGE_TARNAME}'
dvidir='${docdir}'
exec_prefix='${prefix}'
host='x86_64-unknown-linux-gnu'
host_alias=''
host_cpu='x86_64'
host_os='linux-gnu'
host_vendor='unknown'
htmldir='${docdir}'
includedir='${prefix}/include'
infodir='${datarootdir}/info'
install_sh='${SHELL} /home/sloot/svn/src/TimblServer/install-sh'
libdir='${exec_prefix}/lib'
libexecdir='${exec_prefix}/libexec'
localedir='${datarootdir}/locale'
localstatedir='${prefix}/var'
lt_ECHO='echo'
mandir='${datarootdir}/man'
mkdir_p='/bin/mkdir -p'
oldincludedir='/usr/include'
pdfdir='${docdir}'
prefix='/home/sloot/usr/local'
program_transform_name='s,x,x,'
psdir='${docdir}'
sbindir='${exec_prefix}/sbin'
sharedstatedir='${prefix}/com'
sysconfdir='${prefix}/etc'
target_alias=''
timbl_CFLAGS='-I/home//sloot//usr/local/include -I/usr/include/libxml2  '
timbl_LIBS='-L/home//sloot//usr/local/lib -lTimbl -lxml2  '

## ----------- ##
## confdefs.h. ##
## ----------- ##

/* confdefs.h */
#define PACKAGE_NAME "TimblServer"
#define PACKAGE_TARNAME "timblserver"
#define PACKAGE_VERSION "1.0.1"
#define PACKAGE_STRING "TimblServer 1.0.1"
#define PACKAGE_BUGREPORT "timbl@uvt.nl"
#define PACKAGE_URL ""
#define PACKAGE "timblserver"
#define VERSION "1.0.1"
#define BIN_PATH "/home/sloot/usr/local/bin"
#define SYSCONF_PATH "/home/sloot/usr/local/etc"
#define LOCALSTATE_PATH "/home/sloot/usr/local/var"
#define STDC_HEADERS 1
#define HAVE_SYS_TYPES_H 1
#define HAVE_SYS_STAT_H 1
#define HAVE_STDLIB_H 1
#define HAVE_STRING_H 1
#define HAVE_MEMORY_H 1
#define HAVE_STRINGS_H 1
#define HAVE_INTTYPES_H 1
#define HAVE_STDINT_H 1
#define HAVE_UNISTD_H 1
#define HAVE_DLFCN_H 1
#define LT_OBJDIR ".libs/"
#define HAVE_ARPA_INET_H 1
#define HAVE_NETDB_H 1
#define HAVE_NETINET_IN_H 1
#define HAVE_SYS_SOCKET_H 1
#define HAVE_SYS_TIME_H 1
#define HAVE_SYS_TIMEB_H 1
#define HAVE_STDBOOL_H 1
#define HAVE_FORK 1
#define HAVE_VFORK 1
#define HAVE_WORKING_VFORK 1
#define HAVE_WORKING_FORK 1
#define HAVE_STRFTIME 1
#define TIME_WITH_SYS_TIME 1
#define RETSIGTYPE void
#define HAVE_STDLIB_H 1
#define HAVE_MALLOC 1
#define HAVE_FLOOR 1
#define HAVE_GETADDRINFO 1
#define HAVE_GETHOSTBYADDR 1
#define HAVE_GETHOSTBYNAME 1
#define HAVE_GETTIMEOFDAY 1
#define HAVE_INET_NTOA 1
#define HAVE_LOCALTIME_R 1
#define HAVE_MEMSET 1
#define HAVE_POW 1
#define HAVE_RINT 1
#define HAVE_SOCKET 1
#define HAVE_SQRT 1
#define HAVE_STRCHR 1
#define HAVE_STRERROR 1
#define HAVE_DAEMON 1
#define HAVE_DUP2 1
#define HAVE_MEMMOVE 1
#define TIMBL_SOCKLEN_T socklen_t

configure: exit 0

## ---------------------- ##
## Running config.status. ##
## ---------------------- ##

This file was extended by TimblServer config.status 1.0.1, which was
generated by GNU Autoconf 2.65.  Invocation command line was

  CONFIG_FILES    = 
  CONFIG_HEADERS  = 
  CONFIG_LINKS    = 
  CONFIG_COMMANDS = 
  $ ./config.status 

on atalanta

config.status:1181: creating Makefile
config.status:1181: creating timblserver.pc
config.status:1181: creating m4/Makefile
config.status:1181: creating src/Makefile
config.status:1181: creating docs/Makefile
config.status:1181: creating include/Makefile
config.status:1181: creating include/timblserver/Makefile
config.status:1181: creating demos/Makefile
config.status:1181: creating config.h
config.status:1353: config.h is unchanged
config.status:1401: executing depfiles commands
config.status:1401: executing libtool commands
